<?xml version="1.0" encoding="UTF-8"?>
<testsuite xmlns:xsi="http://www.w3.org/2001/XMLSchema-instance" xsi:noNamespaceSchemaLocation="https://maven.apache.org/surefire/maven-surefire-plugin/xsd/surefire-test-report.xsd" name="hu.bme.mit.spaceship.GT4500Test" time="0.036" tests="2" errors="0" skipped="0" failures="0">
  <properties>
    <property name="awt.toolkit" value="sun.awt.X11.XToolkit"/>
    <property name="java.specification.version" value="11"/>
    <property name="sun.cpu.isalist" value=""/>
    <property name="sun.jnu.encoding" value="UTF-8"/>
    <property name="java.class.path" value="/home/dani/Egyetem/6/integ/gyak4/ivt-lab/target/test-classes:/home/dani/Egyetem/6/integ/gyak4/ivt-lab/target/classes:/home/dani/.m2/repository/org/junit/jupiter/junit-jupiter/5.8.2/junit-jupiter-5.8.2.jar:/home/dani/.m2/repository/org/junit/jupiter/junit-jupiter-api/5.8.2/junit-jupiter-api-5.8.2.jar:/home/dani/.m2/repository/org/opentest4j/opentest4j/1.2.0/opentest4j-1.2.0.jar:/home/dani/.m2/repository/org/junit/platform/junit-platform-commons/1.8.2/junit-platform-commons-1.8.2.jar:/home/dani/.m2/repository/org/apiguardian/apiguardian-api/1.1.2/apiguardian-api-1.1.2.jar:/home/dani/.m2/repository/org/junit/jupiter/junit-jupiter-params/5.8.2/junit-jupiter-params-5.8.2.jar:/home/dani/.m2/repository/org/junit/jupiter/junit-jupiter-engine/5.8.2/junit-jupiter-engine-5.8.2.jar:/home/dani/.m2/repository/org/junit/platform/junit-platform-engine/1.8.2/junit-platform-engine-1.8.2.jar:/home/dani/.m2/repository/org/mockito/mockito-core/4.4.0/mockito-core-4.4.0.jar:/home/dani/.m2/repository/net/bytebuddy/byte-buddy/1.12.8/byte-buddy-1.12.8.jar:/home/dani/.m2/repository/net/bytebuddy/byte-buddy-agent/1.12.8/byte-buddy-agent-1.12.8.jar:/home/dani/.m2/repository/org/objenesis/objenesis/3.2/objenesis-3.2.jar:/home/dani/.m2/repository/org/jacoco/jacoco-maven-plugin/0.8.7/jacoco-maven-plugin-0.8.7.jar:/home/dani/.m2/repository/org/apache/maven/maven-plugin-api/3.0/maven-plugin-api-3.0.jar:/home/dani/.m2/repository/org/apache/maven/maven-model/3.0/maven-model-3.0.jar:/home/dani/.m2/repository/org/apache/maven/maven-artifact/3.0/maven-artifact-3.0.jar:/home/dani/.m2/repository/org/sonatype/sisu/sisu-inject-plexus/1.4.2/sisu-inject-plexus-1.4.2.jar:/home/dani/.m2/repository/org/sonatype/sisu/sisu-inject-bean/1.4.2/sisu-inject-bean-1.4.2.jar:/home/dani/.m2/repository/org/sonatype/sisu/sisu-guice/2.1.7/sisu-guice-2.1.7-noaop.jar:/home/dani/.m2/repository/org/apache/maven/maven-core/3.0/maven-core-3.0.jar:/home/dani/.m2/repository/org/apache/maven/maven-settings/3.0/maven-settings-3.0.jar:/home/dani/.m2/repository/org/apache/maven/maven-settings-builder/3.0/maven-settings-builder-3.0.jar:/home/dani/.m2/repository/org/apache/maven/maven-repository-metadata/3.0/maven-repository-metadata-3.0.jar:/home/dani/.m2/repository/org/apache/maven/maven-model-builder/3.0/maven-model-builder-3.0.jar:/home/dani/.m2/repository/org/apache/maven/maven-aether-provider/3.0/maven-aether-provider-3.0.jar:/home/dani/.m2/repository/org/sonatype/aether/aether-impl/1.7/aether-impl-1.7.jar:/home/dani/.m2/repository/org/sonatype/aether/aether-spi/1.7/aether-spi-1.7.jar:/home/dani/.m2/repository/org/sonatype/aether/aether-api/1.7/aether-api-1.7.jar:/home/dani/.m2/repository/org/sonatype/aether/aether-util/1.7/aether-util-1.7.jar:/home/dani/.m2/repository/org/codehaus/plexus/plexus-interpolation/1.14/plexus-interpolation-1.14.jar:/home/dani/.m2/repository/org/codehaus/plexus/plexus-classworlds/2.2.3/plexus-classworlds-2.2.3.jar:/home/dani/.m2/repository/org/codehaus/plexus/plexus-component-annotations/1.5.5/plexus-component-annotations-1.5.5.jar:/home/dani/.m2/repository/org/sonatype/plexus/plexus-sec-dispatcher/1.3/plexus-sec-dispatcher-1.3.jar:/home/dani/.m2/repository/org/sonatype/plexus/plexus-cipher/1.4/plexus-cipher-1.4.jar:/home/dani/.m2/repository/org/codehaus/plexus/plexus-utils/3.0.22/plexus-utils-3.0.22.jar:/home/dani/.m2/repository/org/apache/maven/shared/file-management/1.2.1/file-management-1.2.1.jar:/home/dani/.m2/repository/org/apache/maven/shared/maven-shared-io/1.1/maven-shared-io-1.1.jar:/home/dani/.m2/repository/org/apache/maven/maven-artifact-manager/2.0.2/maven-artifact-manager-2.0.2.jar:/home/dani/.m2/repository/org/apache/maven/wagon/wagon-provider-api/1.0-alpha-6/wagon-provider-api-1.0-alpha-6.jar:/home/dani/.m2/repository/org/codehaus/plexus/plexus-container-default/1.0-alpha-9/plexus-container-default-1.0-alpha-9.jar:/home/dani/.m2/repository/junit/junit/3.8.1/junit-3.8.1.jar:/home/dani/.m2/repository/classworlds/classworlds/1.1-alpha-2/classworlds-1.1-alpha-2.jar:/home/dani/.m2/repository/org/apache/maven/reporting/maven-reporting-api/3.0/maven-reporting-api-3.0.jar:/home/dani/.m2/repository/org/apache/maven/doxia/doxia-sink-api/1.0/doxia-sink-api-1.0.jar:/home/dani/.m2/repository/org/jacoco/org.jacoco.agent/0.8.7/org.jacoco.agent-0.8.7-runtime.jar:/home/dani/.m2/repository/org/jacoco/org.jacoco.core/0.8.7/org.jacoco.core-0.8.7.jar:/home/dani/.m2/repository/org/ow2/asm/asm/9.1/asm-9.1.jar:/home/dani/.m2/repository/org/ow2/asm/asm-commons/9.1/asm-commons-9.1.jar:/home/dani/.m2/repository/org/ow2/asm/asm-analysis/9.1/asm-analysis-9.1.jar:/home/dani/.m2/repository/org/ow2/asm/asm-tree/9.1/asm-tree-9.1.jar:/home/dani/.m2/repository/org/jacoco/org.jacoco.report/0.8.7/org.jacoco.report-0.8.7.jar:"/>
    <property name="java.vm.vendor" value="Oracle Corporation"/>
    <property name="sun.arch.data.model" value="64"/>
    <property name="java.vendor.url" value="https://openjdk.java.net/"/>
    <property name="user.timezone" value=""/>
    <property name="java.vm.specification.version" value="11"/>
    <property name="os.name" value="Linux"/>
    <property name="sun.java.launcher" value="SUN_STANDARD"/>
    <property name="user.country" value="US"/>
    <property name="sun.boot.library.path" value="/usr/lib/jvm/java-11-openjdk/lib"/>
    <property name="sun.java.command" value="/home/dani/Egyetem/6/integ/gyak4/ivt-lab/target/surefire/surefirebooter6575960169998736239.jar /home/dani/Egyetem/6/integ/gyak4/ivt-lab/target/surefire 2024-04-12T12-51-36_521-jvmRun1 surefire10884022530846907017tmp surefire_014934474199199048730tmp"/>
    <property name="jdk.debug" value="release"/>
    <property name="surefire.test.class.path" value="/home/dani/Egyetem/6/integ/gyak4/ivt-lab/target/test-classes:/home/dani/Egyetem/6/integ/gyak4/ivt-lab/target/classes:/home/dani/.m2/repository/org/junit/jupiter/junit-jupiter/5.8.2/junit-jupiter-5.8.2.jar:/home/dani/.m2/repository/org/junit/jupiter/junit-jupiter-api/5.8.2/junit-jupiter-api-5.8.2.jar:/home/dani/.m2/repository/org/opentest4j/opentest4j/1.2.0/opentest4j-1.2.0.jar:/home/dani/.m2/repository/org/junit/platform/junit-platform-commons/1.8.2/junit-platform-commons-1.8.2.jar:/home/dani/.m2/repository/org/apiguardian/apiguardian-api/1.1.2/apiguardian-api-1.1.2.jar:/home/dani/.m2/repository/org/junit/jupiter/junit-jupiter-params/5.8.2/junit-jupiter-params-5.8.2.jar:/home/dani/.m2/repository/org/junit/jupiter/junit-jupiter-engine/5.8.2/junit-jupiter-engine-5.8.2.jar:/home/dani/.m2/repository/org/junit/platform/junit-platform-engine/1.8.2/junit-platform-engine-1.8.2.jar:/home/dani/.m2/repository/org/mockito/mockito-core/4.4.0/mockito-core-4.4.0.jar:/home/dani/.m2/repository/net/bytebuddy/byte-buddy/1.12.8/byte-buddy-1.12.8.jar:/home/dani/.m2/repository/net/bytebuddy/byte-buddy-agent/1.12.8/byte-buddy-agent-1.12.8.jar:/home/dani/.m2/repository/org/objenesis/objenesis/3.2/objenesis-3.2.jar:/home/dani/.m2/repository/org/jacoco/jacoco-maven-plugin/0.8.7/jacoco-maven-plugin-0.8.7.jar:/home/dani/.m2/repository/org/apache/maven/maven-plugin-api/3.0/maven-plugin-api-3.0.jar:/home/dani/.m2/repository/org/apache/maven/maven-model/3.0/maven-model-3.0.jar:/home/dani/.m2/repository/org/apache/maven/maven-artifact/3.0/maven-artifact-3.0.jar:/home/dani/.m2/repository/org/sonatype/sisu/sisu-inject-plexus/1.4.2/sisu-inject-plexus-1.4.2.jar:/home/dani/.m2/repository/org/sonatype/sisu/sisu-inject-bean/1.4.2/sisu-inject-bean-1.4.2.jar:/home/dani/.m2/repository/org/sonatype/sisu/sisu-guice/2.1.7/sisu-guice-2.1.7-noaop.jar:/home/dani/.m2/repository/org/apache/maven/maven-core/3.0/maven-core-3.0.jar:/home/dani/.m2/repository/org/apache/maven/maven-settings/3.0/maven-settings-3.0.jar:/home/dani/.m2/repository/org/apache/maven/maven-settings-builder/3.0/maven-settings-builder-3.0.jar:/home/dani/.m2/repository/org/apache/maven/maven-repository-metadata/3.0/maven-repository-metadata-3.0.jar:/home/dani/.m2/repository/org/apache/maven/maven-model-builder/3.0/maven-model-builder-3.0.jar:/home/dani/.m2/repository/org/apache/maven/maven-aether-provider/3.0/maven-aether-provider-3.0.jar:/home/dani/.m2/repository/org/sonatype/aether/aether-impl/1.7/aether-impl-1.7.jar:/home/dani/.m2/repository/org/sonatype/aether/aether-spi/1.7/aether-spi-1.7.jar:/home/dani/.m2/repository/org/sonatype/aether/aether-api/1.7/aether-api-1.7.jar:/home/dani/.m2/repository/org/sonatype/aether/aether-util/1.7/aether-util-1.7.jar:/home/dani/.m2/repository/org/codehaus/plexus/plexus-interpolation/1.14/plexus-interpolation-1.14.jar:/home/dani/.m2/repository/org/codehaus/plexus/plexus-classworlds/2.2.3/plexus-classworlds-2.2.3.jar:/home/dani/.m2/repository/org/codehaus/plexus/plexus-component-annotations/1.5.5/plexus-component-annotations-1.5.5.jar:/home/dani/.m2/repository/org/sonatype/plexus/plexus-sec-dispatcher/1.3/plexus-sec-dispatcher-1.3.jar:/home/dani/.m2/repository/org/sonatype/plexus/plexus-cipher/1.4/plexus-cipher-1.4.jar:/home/dani/.m2/repository/org/codehaus/plexus/plexus-utils/3.0.22/plexus-utils-3.0.22.jar:/home/dani/.m2/repository/org/apache/maven/shared/file-management/1.2.1/file-management-1.2.1.jar:/home/dani/.m2/repository/org/apache/maven/shared/maven-shared-io/1.1/maven-shared-io-1.1.jar:/home/dani/.m2/repository/org/apache/maven/maven-artifact-manager/2.0.2/maven-artifact-manager-2.0.2.jar:/home/dani/.m2/repository/org/apache/maven/wagon/wagon-provider-api/1.0-alpha-6/wagon-provider-api-1.0-alpha-6.jar:/home/dani/.m2/repository/org/codehaus/plexus/plexus-container-default/1.0-alpha-9/plexus-container-default-1.0-alpha-9.jar:/home/dani/.m2/repository/junit/junit/3.8.1/junit-3.8.1.jar:/home/dani/.m2/repository/classworlds/classworlds/1.1-alpha-2/classworlds-1.1-alpha-2.jar:/home/dani/.m2/repository/org/apache/maven/reporting/maven-reporting-api/3.0/maven-reporting-api-3.0.jar:/home/dani/.m2/repository/org/apache/maven/doxia/doxia-sink-api/1.0/doxia-sink-api-1.0.jar:/home/dani/.m2/repository/org/jacoco/org.jacoco.agent/0.8.7/org.jacoco.agent-0.8.7-runtime.jar:/home/dani/.m2/repository/org/jacoco/org.jacoco.core/0.8.7/org.jacoco.core-0.8.7.jar:/home/dani/.m2/repository/org/ow2/asm/asm/9.1/asm-9.1.jar:/home/dani/.m2/repository/org/ow2/asm/asm-commons/9.1/asm-commons-9.1.jar:/home/dani/.m2/repository/org/ow2/asm/asm-analysis/9.1/asm-analysis-9.1.jar:/home/dani/.m2/repository/org/ow2/asm/asm-tree/9.1/asm-tree-9.1.jar:/home/dani/.m2/repository/org/jacoco/org.jacoco.report/0.8.7/org.jacoco.report-0.8.7.jar:"/>
    <property name="sun.cpu.endian" value="little"/>
    <property name="user.home" value="/home/dani"/>
    <property name="user.language" value="en"/>
    <property name="java.specification.vendor" value="Oracle Corporation"/>
    <property name="java.version.date" value="2024-01-16"/>
    <property name="java.home" value="/usr/lib/jvm/java-11-openjdk"/>
    <property name="file.separator" value="/"/>
    <property name="basedir" value="/home/dani/Egyetem/6/integ/gyak4/ivt-lab"/>
    <property name="java.vm.compressedOopsMode" value="32-bit"/>
    <property name="line.separator" value="&#10;"/>
    <property name="java.specification.name" value="Java Platform API Specification"/>
    <property name="java.vm.specification.vendor" value="Oracle Corporation"/>
    <property name="java.awt.graphicsenv" value="sun.awt.X11GraphicsEnvironment"/>
    <property name="surefire.real.class.path" value="/home/dani/Egyetem/6/integ/gyak4/ivt-lab/target/surefire/surefirebooter6575960169998736239.jar"/>
    <property name="sun.management.compiler" value="HotSpot 64-Bit Tiered Compilers"/>
    <property name="java.runtime.version" value="11.0.22+7"/>
    <property name="user.name" value="dani"/>
    <property name="path.separator" value=":"/>
    <property name="os.version" value="6.1.12-1-lts"/>
    <property name="java.runtime.name" value="OpenJDK Runtime Environment"/>
    <property name="file.encoding" value="UTF-8"/>
    <property name="java.vm.name" value="OpenJDK 64-Bit Server VM"/>
    <property name="localRepository" value="/home/dani/.m2/repository"/>
    <property name="java.vendor.url.bug" value="https://bugreport.java.com/bugreport/"/>
    <property name="java.io.tmpdir" value="/tmp"/>
    <property name="java.version" value="11.0.22"/>
    <property name="user.dir" value="/home/dani/Egyetem/6/integ/gyak4/ivt-lab"/>
    <property name="os.arch" value="amd64"/>
    <property name="java.vm.specification.name" value="Java Virtual Machine Specification"/>
    <property name="java.awt.printerjob" value="sun.print.PSPrinterJob"/>
    <property name="sun.os.patch.level" value="unknown"/>
    <property name="java.library.path" value="/usr/java/packages/lib:/usr/lib64:/lib64:/lib:/usr/lib"/>
    <property name="java.vm.info" value="mixed mode"/>
    <property name="java.vendor" value="Oracle Corporation"/>
    <property name="java.vm.version" value="11.0.22+7"/>
    <property name="java.specification.maintenance.version" value="2"/>
    <property name="sun.io.unicode.encoding" value="UnicodeLittle"/>
    <property name="java.class.version" value="55.0"/>
  </properties>
  <testcase name="fireTorpedo_Single_Success" classname="hu.bme.mit.spaceship.GT4500Test" time="0.028"/>
  <testcase name="fireTorpedo_All_Success" classname="hu.bme.mit.spaceship.GT4500Test" time="0.001"/>
</testsuite>